\o Program:		@(#)$CDS: libManager version 6.1.8 - CAT37 09/24/2018 21:00 (ip-172-18-22-224) $
\o Sub version:		sub-version  p015 
\o Arguments:		-mpssession virtuoso30648 -mpshost n01-zeus.olympus.ece.tamu.edu 
\o Working Directory:	n01-zeus.olympus.ece.tamu.edu:/home/grads/a/amiya_1/ECEN714/lab_01/cadence
\o 64-bit offsets
\o Qt version: 		5.9.1
\o Log file is "/home/grads/a/amiya_1/ECEN714/lab_01/cadence/libManager.log".
\o Opening libManager window.
\a nrResizeWindow(cdsLibManager list(0 0 602 845))
\a nrSetCurrentWindow(cdsLibManager)
\a nrResizeWindow(cdsLibManager list(8 31 602 845))
\o changeWorkingDir("/home/grads/a/amiya_1/ECEN714/lab_01/cadence") unnecessary.
\o ddSetForcedLib("") unnecessary.
\o MPS service: map window
\o Library Manager customization server connected.
\w Warning: LIB Design from File /home/grads/a/amiya_1/ECEN714/lab_01/cadence/cds.lib Line 15 redefines
\w LIB Design from the same file (defined earlier.)
\a nrSetWindowVisibility(cdsLibManager "hide")
\a nrResizeWindow(cdsLibManager list(0 0 602 845))
\a nrSetCurrentWindow(cdsLibManager)
\a nrSetWindowVisibility(cdsLibManager "show")
\a nrResizeWindow(cdsLibManager list(8 31 602 845))
\a cdsLibManager->libListBox->value = "Design"
\a cdsLibManager->libLineEdit->value = "Design"
\a cdsLibManager->cellListBox->value = "3bit_adder_simulate"
\a cdsLibManager->cellLineEdit->value = "3bit_adder_simulate"
\a cdsLibManager->viewListBox->value = "schematic"
\a cdsLibManager->viewLineEdit->value = "schematic"
\a cdsLibManager->cellListBox->value = "3bit_adder_simulate_optimization"
\a cdsLibManager->cellLineEdit->value = "3bit_adder_simulate_optimization"
\a cdsLibManager->viewLineEdit->value = ""
\a cdsLibManager->viewListBox->value = nil
\a cdsLibManager->viewListBox->value = "schematic"
\a cdsLibManager->viewLineEdit->value = "schematic"
\a cdsLibManager->viewListBox->value = nil
\a cdsLibManager->viewLineEdit->value = ""
\a cdsLibManager->viewListBox->value = "schematic"
\a cdsLibManager->viewLineEdit->value = "schematic"
\o MPS request: edit design
\a nrListItemAction(cdsLibManager->gdmXTView 0 0)
\a cdsLibManager->libListBox->value = nil
\a cdsLibManager->libLineEdit->value = ""
\a cdsLibManager->cellListBox->value = nil
\a cdsLibManager->viewLineEdit->value = ""
\a cdsLibManager->viewListBox->value = nil
\a cdsLibManager->cellLineEdit->value = ""
\w Warning: LIB Design from File /home/grads/a/amiya_1/ECEN714/lab_01/cadence/cds.lib Line 15 redefines
\w LIB Design from the same file (defined earlier.)
\a cdsLibManager->libListBox->value = "Design"
\a cdsLibManager->libLineEdit->value = "Design"
\a cdsLibManager->cellListBox->value = "3bit_adder_simulate_optimization"
\a cdsLibManager->cellLineEdit->value = "3bit_adder_simulate_optimization"
\a cdsLibManager->viewListBox->value = "schematic"
\a cdsLibManager->viewLineEdit->value = "schematic"
\a cdsLibManager->viewLineEdit->value = ""
\a cdsLibManager->viewListBox->value = nil
\a cdsLibManager->viewListBox->value = "schematic"
\a cdsLibManager->viewLineEdit->value = "schematic"
\a nrSetWindowVisibility(cdsLibManager "hide")
\a nrResizeWindow(cdsLibManager list(0 0 602 845))
\a nrSetCurrentWindow(cdsLibManager)
\a nrSetWindowVisibility(cdsLibManager "show")
\a nrResizeWindow(cdsLibManager list(8 31 602 845))
\a cdsLibManager->cellListBox->value = "3bit_adder_orig"
\a cdsLibManager->cellLineEdit->value = "3bit_adder_orig"
\a cdsLibManager->viewLineEdit->value = ""
\a cdsLibManager->viewListBox->value = nil
\a cdsLibManager->viewListBox->value = "layout"
\a cdsLibManager->viewLineEdit->value = "layout"
\a cdsLibManager->cellListBox->value = "3bit_adder_new"
\a cdsLibManager->cellLineEdit->value = "3bit_adder_new"
\a cdsLibManager->viewLineEdit->value = ""
\a cdsLibManager->viewListBox->value = nil
\a cdsLibManager->viewListBox->value = "schematic"
\a cdsLibManager->viewLineEdit->value = "schematic"
\o MPS request: edit design
\a nrListItemAction(cdsLibManager->gdmXTView 0 0)
\a nrSetCurrentWindow(cdsLibManager)
\a nrSetCurrentWindow(cdsLibManager)
\a nrSetWindowVisibility(cdsLibManager "hide")
\a nrResizeWindow(cdsLibManager list(0 0 602 845))
\a nrSetCurrentWindow(cdsLibManager)
\a nrSetWindowVisibility(cdsLibManager "show")
\a nrResizeWindow(cdsLibManager list(8 31 602 845))
\a cdsLibManager->cellListBox->value = "3bit_adder_simulate_optimization"
\a cdsLibManager->cellLineEdit->value = "3bit_adder_simulate_optimization"
\a cdsLibManager->viewLineEdit->value = ""
\a cdsLibManager->viewListBox->value = nil
\a cdsLibManager->viewListBox->value = "schematic"
\a cdsLibManager->viewLineEdit->value = "schematic"
\a cdsLibManager->viewListBox->value = nil
\a cdsLibManager->viewLineEdit->value = ""
\a cdsLibManager->viewListBox->value = "schematic"
\a cdsLibManager->viewLineEdit->value = "schematic"
\o MPS request: edit design
\a nrListItemAction(cdsLibManager->gdmXTView 0 0)
\o MPS service: shutdown
\o libManager is exiting.
\a exit(0)
