### Custom WaveView ADV log file, revision O-2018.09 (build Aug 27, ) ###
### created at 14:08:13 on Sat Sep 28 2019 (Linux AMD64) ###
### Host Name: n02-hera.olympus.ece.tamu.edu   User ID:    PID: 179865   ###
wv_start_log
# (0) running in waveview only mode
# (0) SW_SX_PERL_LIB defined
# (0) SW_SX_TCL_LIB defined
# (0) HOME defined
wv_move_window {Custom WaveView} {} 60 83
wv_resize_window {Custom WaveView} 891 460
wv_select_window {Custom WaveView} 
wv_press_tool_button {Custom WaveView} {} {OpenWaveform0} 
wv_select_dialog {FileDialog} 
wv_select_list_item {FileDialog} {} {FileList} {inverter_delaytable.raw} 3
wv_dclick_list_item {FileDialog} {} {FileList} {inverter_delaytable.raw} 3
wv_select_list_item {FileDialog} {} {FileList} {TransientAnalysis.tran.tran} 2
wv_dclick_list_item {FileDialog} {} {FileList} {TransientAnalysis.tran.tran} 2
wv_select_tree_item {Custom WaveView} {} {hierview} {D0:TransientAnalysis.tran.tran(0)} {0} {+sep=@}
wv_expand_tree_item {Custom WaveView} {} {hierview} {D0:TransientAnalysis.tran.tran(0)} {+sep=@}
wv_select_tree_item {Custom WaveView} {} {hierview} {D0:TransientAnalysis.tran.tran(0)} {0} {+sep=@}
wv_select_tree_item {Custom WaveView} {} {hierview} {D0:TransientAnalysis.tran.tran(0)@toplevel(0)} {0} {+sep=@}
wv_select_list_item {Custom WaveView} {} {sigview} {IV_in} 0
wv_dclick_list_item {Custom WaveView} {} {sigview} {IV_in} 0
wv_select_list_item {Custom WaveView} {} {sigview} {IV_out} 1
wv_dclick_list_item {Custom WaveView} {} {sigview} {IV_out} 1
wv_select_waveview 1 {waveview 1}
wv_select_wv_item WV1.PANEL1:1.LEGEND
wv_select_panel WV1.PANEL1:1.LEGEND
wv_select_menu_item {Custom WaveView} {} {PanelAction.Select All} 
wv_select_menu_item {Custom WaveView} {} {PanelAction.Group} 
wv_press_tool_button {Custom WaveView} {} {WaveformMeasurementTool0} 
wv_press_button {MeasurementTool} {} {Apply} 
wv_set_radion {MeasurementTool} {} {FallEdge} 
wv_press_button {MeasurementTool} {} {Apply} 
wv_press_button {MeasurementTool} {} {Ok} 
wv_select_window {Custom WaveView} 
wv_select_waveview 1 {waveview 1}
wv_select_wv_item WV1.MEAS1
wv_drag_item_to WV1 522 195
wv_move_wv_item WV1.MEAS1 316 119
wv_select_waveview 1 {waveview 1}
wv_select_wv_item WV1.MEAS2
wv_drag_item_to WV1 539 199
wv_move_wv_item WV1.MEAS2 523 114
wv_press_tool_button {Custom WaveView} {waveview 1:1} {Waveview.CloseBtn} 
wv_select_dialog {Confirmation} 
wv_press_button {Confirmation} {} {Ok} 
wv_close_window {Custom WaveView} 
wv_select_dialog {Confirmation} 
wv_press_button {Confirmation} {} {Cancel} 
wv_select_window {Custom WaveView} 
wv_move_window {Custom WaveView} {} 0 0
wv_move_window {Custom WaveView} {} 8 31
wv_select_window {Custom WaveView} 
wv_press_tool_button {Custom WaveView} {} {OpenWaveformFile0} 
wv_select_dialog {FileDialog} 
wv_press_button {FileDialog} {} {Up} 
wv_select_list_item {FileDialog} {} {FileList} {nand_delaytable.raw} 5
wv_dclick_list_item {FileDialog} {} {FileList} {nand_delaytable.raw} 5
wv_select_list_item {FileDialog} {} {FileList} {TransientAnalysis.tran.tran} 2
wv_dclick_list_item {FileDialog} {} {FileList} {TransientAnalysis.tran.tran} 2
wv_resize_browser {Custom WaveView} {} {waveview 1:1} 1276 632
wv_select_tree_item {Custom WaveView} {} {hierview} {D1:TransientAnalysis.tran.tran(1)} {0} {+sep=@}
wv_expand_tree_item {Custom WaveView} {} {hierview} {D1:TransientAnalysis.tran.tran(1)} {+sep=@}
wv_select_tree_item {Custom WaveView} {} {hierview} {D1:TransientAnalysis.tran.tran(1)} {0} {+sep=@}
wv_select_tree_item {Custom WaveView} {} {hierview} {D1:TransientAnalysis.tran.tran(1)@toplevel(0)} {0} {+sep=@}
wv_select_list_item {Custom WaveView} {} {sigview} {IV_in} 0
wv_dclick_list_item {Custom WaveView} {} {sigview} {IV_in} 0
wv_select_list_item {Custom WaveView} {} {sigview} {IV_out} 1
wv_dclick_list_item {Custom WaveView} {} {sigview} {IV_out} 1
wv_select_menu_item {Custom WaveView} {} {PanelAction.Select All} 
wv_select_menu_item {Custom WaveView} {} {PanelAction.Group} 
wv_press_tool_button {Custom WaveView} {} {WaveformMeasurementTool0} 
wv_press_button {MeasurementTool} {} {Apply} 
wv_set_radion {MeasurementTool} {} {RiseEdge} 
wv_press_button {MeasurementTool} {} {Apply} 
wv_press_button {MeasurementTool} {} {Close} 
wv_select_window {Custom WaveView} 
wv_select_waveview 1 {waveview 1}
wv_select_wv_item WV1.MEAS1
wv_drag_item_to WV1 532 194
wv_move_wv_item WV1.MEAS1 479 103
wv_select_waveview 1 {waveview 1}
wv_select_wv_item WV1.MEAS2
wv_drag_item_to WV1 492 192
wv_move_wv_item WV1.MEAS2 305 99
wv_move_window {Custom WaveView} {} 0 0
wv_move_window {Custom WaveView} {} 8 31
wv_select_window {Custom WaveView} 
wv_press_tool_button {Custom WaveView} {} {OpenWaveformFile0} 
wv_select_dialog {FileDialog} 
wv_press_button {FileDialog} {} {Up} 
wv_select_list_item {FileDialog} {} {FileList} {xor_delaytable.raw} 8
wv_dclick_list_item {FileDialog} {} {FileList} {xor_delaytable.raw} 8
wv_select_list_item {FileDialog} {} {FileList} {TransientAnalysis.tran.tran} 2
wv_dclick_list_item {FileDialog} {} {FileList} {TransientAnalysis.tran.tran} 2
wv_select_tree_item {Custom WaveView} {} {hierview} {D2:TransientAnalysis.tran.tran(2)} {0} {+sep=@}
wv_expand_tree_item {Custom WaveView} {} {hierview} {D2:TransientAnalysis.tran.tran(2)} {+sep=@}
wv_select_tree_item {Custom WaveView} {} {hierview} {D2:TransientAnalysis.tran.tran(2)} {0} {+sep=@}
wv_select_tree_item {Custom WaveView} {} {hierview} {D2:TransientAnalysis.tran.tran(2)@toplevel(0)} {0} {+sep=@}
wv_select_tree_item {Custom WaveView} {} {hierview} {D2:TransientAnalysis.tran.tran(2)@toplevel(0)} {0} {+sep=@}
wv_select_list_item {Custom WaveView} {} {sigview} {IV_in} 0
wv_dclick_list_item {Custom WaveView} {} {sigview} {IV_in} 0
wv_select_waveview 1 {waveview 1}
wv_select_wv_item WV1.PANEL1:1.LEGEND
wv_select_panel WV1.PANEL1:1.LEGEND
wv_select_waveview 1 {waveview 1}
wv_select_wv_item WV1.PANEL1:1.LEGEND
wv_select_panel WV1.PANEL1:1.LEGEND
wv_select_waveview 1 {waveview 1}
wv_waveview_context_menu WV1.PANEL1:1.LEGEND
wv_select_waveview 1 {waveview 1}
wv_select_menu_item {Custom WaveView} {waveview 1:1} {PanelPopMenu.Delete} 
wv_select_dialog {Confirmation} 
wv_press_button {Confirmation} {} {Ok} 
wv_select_waveview 1 {waveview 1}
wv_select_wv_item WV1.MEAS2
wv_move_wv_item WV1.MEAS2 364 112
wv_select_waveview 1 {waveview 1}
wv_waveview_context_menu WV1.MEAS2
wv_select_waveview 1 {waveview 1}
wv_select_menu_item {Custom WaveView} {waveview 1:1} {MeterPopMenu.Delete All Measurements} 
wv_select_list_item {Custom WaveView} {} {sigview} {IV_out} 1
wv_dclick_list_item {Custom WaveView} {} {sigview} {IV_out} 1
wv_select_waveview 1 {waveview 1}
wv_select_wv_item WV1.PANEL1:1.LEGEND
wv_select_panel WV1.PANEL1:1.LEGEND
wv_select_waveview 1 {waveview 1}
wv_ctrl_select_panel WV1.PANEL2:1.LEGEND
wv_select_waveview 1 {waveview 1}
wv_waveview_context_menu WV1.PANEL1:1.LEGEND
wv_select_waveview 1 {waveview 1}
wv_select_menu_item {Custom WaveView} {waveview 1:1} {PanelPopMenu.Group} 
wv_press_tool_button {Custom WaveView} {} {WaveformMeasurementTool0} 
wv_press_button {MeasurementTool} {} {Apply} 
wv_set_radion {MeasurementTool} {} {FallEdge} 
wv_press_button {MeasurementTool} {} {Apply} 
wv_press_button {MeasurementTool} {} {Close} 
wv_select_window {Custom WaveView} 
wv_select_waveview 1 {waveview 1}
wv_select_wv_item WV1.MEAS1
wv_drag_item_to WV1 536 202
wv_move_wv_item WV1.MEAS1 336 111
wv_select_waveview 1 {waveview 1}
wv_select_wv_item WV1.MEAS2
wv_drag_item_to WV1 549 195
wv_move_wv_item WV1.MEAS2 637 143
wv_move_window {Custom WaveView} {} 0 0
wv_select_window {Custom WaveView} 
