\# Program start time:     UTC 2019.09.02 18:14:13.006
\# Local time: CDT (UTC-05:00) 2019.09.02 13:14:13.006
\o Program:		@(#)$CDS: virtuoso version 6.1.8-64b 10/01/2018 20:02 (ip-172-18-22-57) $
\o Hierarchy:		/opt/coe/cadence/IC618/tools.lnx86/dfII/
\o Sub version:		sub-version  IC6.1.8-64b.83  (64-bit addresses)
\# Command line:	/opt/coe/cadence/IC618/tools/dfII/bin/64bit/virtuoso
\# Host name (type):	zach-127-14.engr.tamu.edu (x86_64)
\# Operating system:	Linux 3.10.0-957.27.2.el7.x86_64 #1 SMP Mon Jul 29 17:46:05 UTC 2019
\# Linux /etc/issue:			Texas A&M Engineering
\# Linux /etc/issue:	*****************************************************************************************************
\# Linux /etc/issue:	This computer system and data herein are available only for authorized purposes by authorized users, Use for any other purpose may result in administrative/disciplinary actions or criminal prosecution against the user. Usage may be subject to security testing and monitoring. Users have no expectation of privacy except as otherwise provided by applicable privacy laws. By using this computer system the user agrees to comply with all applicable laws and policies governing the use of Texas information resources. For further information, refer to Texas A&M University System Policy 29.01.03.
\# Linux /etc/issue:	To report an issue with this machine please email: linux-engr-helpdesk@tamu.edu and include your department, netid, computer location and computer name.
\# X display name (WxH):	:0 (2560x1440)
\# Available geometry:			TL(0:28) BR(2559:1405)
\# X server:			The X.Org Foundation
\# Depth of Visual (Root):	24 (24)
\# Number of Planes Used:	24
\# X version:		11.0 (vendor release 12001000)
\# X resource pool:	base 0x3400000, mask 0x1fffff (2097151), shift 0
\# 			current id 0x0, current max 0x1ffffa (2097146)
\# Max data seg size:	     unlimited
\# Max process size:	     unlimited
\# Initial sbrk value:	        495 MB
\# Available memory:	     13,597 MB
\# System memory:	     23,720 MB
\# Maximum memory size:	     23,466 MB
\# Max mem available:	     13,839 MB
\# Initial memory used:	        241 MB
\#        process size:	      1,458 MB
\# Thread usage limits (effective/default):	maxthreads 4096/4096 maxload 12.00/12.00
\# Qt version:		5.9.1
\# Window Manager:	other
\# User Name:		amiya_1
\o Working Directory:	zach-127-14.engr.tamu.edu:/home/grads/a/amiya_1/cadence
\# Process Id:		18273
\o 
\o COPYRIGHT (C) 1992-2018  CADENCE DESIGN SYSTEMS INC.  ALL RIGHTS RESERVED.
\o           (C) 1992-2018  UNIX SYSTEMS Laboratories INC.,
\o                          Reproduced with permission.
\o 
\o This Cadence Design Systems program and online documentation are
\o proprietary/confidential information and may be disclosed/used only
\o as authorized in a license agreement controlling such use and disclosure.
\o 
\o           RESTRICTED RIGHTS NOTICE (SHORT FORM)
\o Use/reproduction/disclosure is subject to restriction
\o set forth at FAR 1252.227-19 or its equivalent.
\o Loading geView.cxt 
\o Loading menuBuilder.cxt 
\o Loading schView.cxt 
\o Loading selectSv.cxt 
\o Loading wireEdit.cxt 
\o Loading pte2.cxt 
\o Loading xlUI.cxt 
\o Loading auCore.cxt 
\o Loading vhdl.cxt 
\o Loading seismic.cxt 
\o Loading ci.cxt 
\o Loading layers.cxt 
\o Loading ams.cxt 
\o Loading cli.cxt 
\o Loading cle.cxt 
\o Virtuoso Framework License (111) was checked out successfully. Total checkout time was 0.03s.
\# Memory report: using         469 MB, process size 1,733 MB at UTC 2019.09.02 18:14:14.184
\o Loading NCSU CDK 1.5.1 customizations...
\o loading vars from /opt/coe/ncsu/ncsu-cdk-1.6.0.beta/cdssetup/cdsenv for tool adle
\o loading vars from /opt/coe/ncsu/ncsu-cdk-1.6.0.beta/cdssetup/cdsenv for tool asimenv
\w *WARNING* envSetVal: Can't set the value of variable 'width',
\w 	in tool[.partition] 'asimenv.plotting' - it has not been registered.
\w *WARNING* envSetVal: Can't set the value of variable 'height',
\w 	in tool[.partition] 'asimenv.plotting' - it has not been registered.
\o loading vars from /opt/coe/ncsu/ncsu-cdk-1.6.0.beta/cdssetup/cdsenv for tool ddserv
\o loading vars from /opt/coe/ncsu/ncsu-cdk-1.6.0.beta/cdssetup/cdsenv for tool layout
\o loading vars from /opt/coe/ncsu/ncsu-cdk-1.6.0.beta/cdssetup/cdsenv for tool schematic
\o loading vars from /opt/coe/ncsu/ncsu-cdk-1.6.0.beta/cdssetup/cdsenv for tool ui
\o Loading NCSU SKILL routines...
\o Done loading NCSU_CDK customizations.
\p > 
\o Loading pe.cxt 
\a _treeSetOpcGUI(t)
\r t
\a hiResizeWindow(window(1) list(380:392 1175:585))
\r t
\# Available memory:         13,482 MB at UTC 2019.09.02 18:14:23.337
\# Memory report: Maximum memory size now 13,966 MB at UTC 2019.09.02 18:14:23.337
\# Thread usage report: 15 active threads, active load 1.00 at UTC 2019.09.02 18:14:23.337
\a hiResizeWindow(window(1) list(198:392 993:585))
\r t
\a ddsOpenLibManager()
\r t
\o  
\o Library Manager created library "Design"
\p > 
\a hiiSetCurrentForm('ddsTechOptionForm)
\r t
\a ddsTechOptionForm->Option->value="Attach to an existing technology library"
\r "Attach to an existing technology library"
\a ddsTechOptionForm->Option->value="Reference existing technology libraries"
\r "Reference existing technology libraries"
\a ddsTechOptionForm->Option->value="Compile an ASCII technology file"
\r "Compile an ASCII technology file"
\a ddsTechOptionForm->Option->value="Attach to an existing technology library"
\r "Attach to an existing technology library"
\a hiFormDone(ddsTechOptionForm)
\i tcNewLibDisplayAttachTechForm("Design")
\p > 
\a hiiSetCurrentForm('tcNewLibAttachTechForm)
\r t
\a tcNewLibAttachTechForm->attachTechLibList->value= '( "NCSU_TechLib_tsmc02" )
\r ("NCSU_TechLib_tsmc02")
\a hiFormDone(tcNewLibAttachTechForm)
\o INFO (TECH-180011): Design library 'Design' successfully attached to technology library 'NCSU_TechLib_tsmc02'.
\r t
\r t
\o  
\o Library Manager new cellview request for library "Design".
\i deNew('(nil libName "Design"))
\p > 
\a hiiSetCurrentForm('deNewForm)
\r t
\a hiFormCancel(deNewForm) 
\r t
\o  
\o Library Manager new cellview request for library "Design".
\i deNew('(nil libName "Design"))
\p > 
\# Memory report: Maximum memory size now 13,656 MB at UTC 2019.09.02 18:33:53.339
\a deNewForm->deCellName->value="fulladder"
\r "fulladder"
\# Memory report: Maximum memory size now 14,039 MB at UTC 2019.09.02 18:35:43.338
\# Memory report: Maximum memory size now 14,392 MB at UTC 2019.09.02 18:36:03.337
\# Memory report: Maximum memory size now 14,678 MB at UTC 2019.09.02 18:37:23.337
\a hiFormDone(deNewForm)
\r t
\# Thread usage report: 13 active threads, active load 1.00 at UTC 2019.09.02 18:39:13.099
\o Getting schematic propert bagLoading schematic.cxt 
\o Loading ddui.cxt 
\o Loading vb.cxt 
\o Loading nt.cxt 
\o Loading oi.cxt 
\o Loading see.cxt 
\o Loading treeAssistant.cxt 
\o Loading asst.cxt 
\o Loading le.cxt 
\o Loading drdEdit.cxt 
\a _treeNavActivateOpc(dwindow('treeAssistant1) "")
\r t
\o Loading hsm.cxt 
\o Loading lx.cxt 
\o Loading lce.cxt 
\o Loading rte.cxt 
\o Loading oasis.cxt 
\o Loading simui.cxt 
\a when(dwindow('oiAssistant1) hiMapWindow(dwindow('oiAssistant1)))
\r t
\a when(dwindow('treeAssistant1) hiMapWindow(dwindow('treeAssistant1)))
\r t
\a hiResizeWindow(swindow(1) list(36:307 936:1007))
\r t
\a _treeNavToggleColumn(dwindow('treeAssistant1) "8" "t")
\r t
\a _treeNavActivateOpc(dwindow('treeAssistant1) "Groups/Cells")
\r t
\a _treeNavToggleColumn(dwindow('treeAssistant1) "8" "nil")
\r t
\a _treeNavSelectionClear(dwindow('treeAssistant1))
\r t
\a _treeNavSelect(dwindow('treeAssistant1) " Inst")
\r t
\# Memory report: Maximum memory size now 14,969 MB at UTC 2019.09.02 18:41:13.337
\a showClickInfo()
\i -1:0.625
\r window:2
\a _treeNavOpcHome(dwindow('treeAssistant1))
\r t
\i ddsServOpen("Design" "fulladder" "schematic" "edit" nil)
\a _treeNavExpand(dwindow('treeAssistant1) " Inst")
\r Getting schematic propert bagt
\a _treeNavActivateOpc(dwindow('treeAssistant2) "")
\r t
\a when(dwindow('oiAssistant2) hiMapWindow(dwindow('oiAssistant2)))
\r t
\a when(dwindow('treeAssistant2) hiMapWindow(dwindow('treeAssistant2)))
\r t
\a hiResizeWindow(swindow(2) list(43:-30 943:670))
\r t
\a hiCloseWindow(swindow(1))
\o Getting schematic propert bagLoading cph.cxt 
\r t
\a hiResizeWindow(swindow(2) list(115:109 1015:809))
\r t
\a schHiCreateInst()
\p > 
\a hiResizeWindow(window(4) list(0:34 220:448))
\r t
\a hiResizeWindow(window(4) list(406:289 626:703))
\r t
\a hiResizeWindow(window(4) list(402:269 622:683))
\r t
\a hiiSetCurrentForm('schCreateInstForm)
\r t
\a hiResizeWindow(window(4) list(328:247 548:661))
\r t
\a hiResizeWindow(window(4) list(328:247 598:661))
\r t
\a hiResizeWindow(window(4) list(328:247 592:661))
\r t
\a hiResizeWindow(window(4) list(314:250 578:664))
\r t
\a schCreateInstForm->libraryName->value="NCSU_Digital_Parts"
\r "NCSU_Digital_Parts"
\a schCreateInstForm->libraryName->value="NCSU_Analog_Parts"
\r "NCSU_Analog_Parts"
\a schCreateInstForm->libraryName->value="NCSU_TechLib_ami06"
\r "NCSU_TechLib_ami06"
\a schCreateInstForm->libraryName->value="NCSU_TechLib_tsmc02"
\r "NCSU_TechLib_tsmc02"
\a schCreateInstForm->libraryName->value="NCSU_Digital_Parts"
\r "NCSU_Digital_Parts"
\# Available memory:         14,773 MB at UTC 2019.09.02 18:49:33.338
\# Memory report: Maximum memory size now 15,300 MB at UTC 2019.09.02 18:49:33.338
\# Memory report: Maximum memory size now 14,846 MB at UTC 2019.09.02 18:50:03.338
\# Memory report: Maximum memory size now 15,671 MB at UTC 2019.09.02 18:50:13.337
\# Memory report: Maximum memory size now 15,317 MB at UTC 2019.09.02 18:50:33.338
\# Memory report: Maximum memory size now 16,070 MB at UTC 2019.09.02 18:51:53.338
\a schCreateInstForm->cellName->value="xor2"
\o Loading cdf.cxt 
\r "xor2"
\a schComponentBrowserForm->schBrowserListBox1->value= '( "Xor" )
\r ("Xor")
\a hiResizeWindow(window(4) list(308:69 572:483))
\r t
\a hiSetCurrentWindow(window(3))
\r t
\a mouseAddPt(t)
\i -1.1875:1.36875
\r t
\a mouseAddPt(t)
\i 0.28125:1.225
\r t
\a cancelEnterFun()
\r t
\r nil
\a schDirectEdit(1)
\i 0.0625:1.3125
\i 0.0625:1.3125
\p > 
\a addPoint(hiGetCommandPoint())
\i 0.3125:1.375
\r t
\r nil
\a schHiCreateInst()
\p > 
\a hiResizeWindow(window(4) list(308:37 572:483))
\r t
\a schCreateInstForm->cellName->value="nand2"
\r "nand2"
\a schCreateInstForm->cellName->value="nand2                                                                                                                                                                                                                               "
\w *WARNING* ddGetObj: cell name 'nand2                                                                                                                                                                                                                               ' is not a legal cell name.
\w *WARNING* (SCH-1162): Cell "nand2                                                                                                                                                                                                                               " does not exist in library "NCSU_Digital_Parts".
\r "nand2                                                                                                                                                                                                                               "
\a mouseAddPt(t)
\i 0.4:0.7125
\r t
\a hiiToggleEnterForm(schCreateInstForm) 
\r t
\a hiResizeWindow(window(4) list(308:34 572:496))
\r t
\a schHiCreateInst()
\w *WARNING* ddGetObj: cell name 'nand2                                                                                                                                                                                                                               ' is not a legal cell name.
\w *WARNING* (SCH-1162): Cell "nand2                                                                                                                                                                                                                               " does not exist in library "NCSU_Digital_Parts".
\w *WARNING* ddGetObj: cell name 'nand2                                                                                                                                                                                                                               ' is not a legal cell name.
\r t
\a hiResizeWindow(window(4) list(308:34 572:512))
\r t
\a hiCloseWindow(window(4))
\r t
\a schHiCreateInst()
\w *WARNING* ddGetObj: cell name 'nand2                                                                                                                                                                                                                               ' is not a legal cell name.
\w *WARNING* (SCH-1162): Cell "nand2                                                                                                                                                                                                                               " does not exist in library "NCSU_Digital_Parts".
\w *WARNING* ddGetObj: cell name 'nand2                                                                                                                                                                                                                               ' is not a legal cell name.
\r t
\a schComponentBrowserForm->schBrowserListBox1->value= '( "Nand" )
\r ("Nand")
\a schComponentBrowserForm->schBrowserListBox1->value= '( "nand2" )
\r ("nand2")
\a hiResizeWindow(window(5) list(0:34 220:448))
\r t
\a hiSetCurrentWindow(window(3))
\r t
\a mouseAddPt(t)
\i 0.35:0.6875
\r t
\a mouseAddPt(t)
\i 1.625:0.55625
\r t
\a cancelEnterFun()
\r t
\r nil
\a schDirectEdit(1)
\i 1.625:0.625
\i 1.625:0.625
\p > 
\a addPoint(hiGetCommandPoint())
\i 1.625:0.4375
\r t
\r nil
\a showClickInfo()
\i 2.5:1.375
\r window:3
\a hiResizeWindow(swindow(2) list(115:109 1179:809))
\r t
\a schDirectEdit(1)
\i 0.3125:1.125
\i 0.3125:1.125
\p > 
\a addPoint(hiGetCommandPoint())
\i 0.375:0.8125
\r t
\r nil
\a schDirectEdit(1)
\i 0.1875:1.375
\i 0.1875:1.375
\p > 
\a addPoint(hiGetCommandPoint())
\i 0.1875:1.375
\r t
\r nil
\a showClickInfo()
\i 0.1875:1.375
\o 
\o wire drawing -> bounding box: (0.06,1.38) (0.31,1.38)
\r window:3
\a schDirectEdit(1)
\i 0.0625:1.3125
\i 0.0625:1.3125
\p > 
\a addPoint(hiGetCommandPoint())
\i 0.375:0.5625
\r t
\r nil
\a showClickInfo()
\i 0.75:0.3125
\r window:3
\a hiResizeWindow(swindow(2) list(0:351 1064:1051))
\r t
\a hiResizeWindow(swindow(2) list(17:498 1081:1198))
\r t
\a showClickInfo()
\i 0.0625:0.9375
\o 
\o wire drawing -> bounding box: (0.06,0.56) (0.06,1.38)
\r window:3
\a schHiMousePopUp()
\r t
\a hiPopupDown(schWirePopUp)
\r t
\a geEnterDeleteNetProbe()
\p > 
\a hiiSetCurrentForm('_geDeleteCrossProbeForm)
\r t
\a hiiToggleEnterForm(_geDeleteCrossProbeForm)
\r t
\a mouseAddPt(t)
\i 0.0625:0.9125
\w *WARNING* No nets found.
\r t
\a schCmdOption()
\r t
\a mouseAddPt(t)
\i 0.1375:0.28125
\w *WARNING* No figures found.
\r t
\a mouseAddPt(t)
\i 0.68125:0.28125
\w *WARNING* No figures found.
\r t
\a schCmdOption()
\r t
\a schCmdOption()
\r t
\a schCmdOption()
\r t
\a geSingleSelectBox()
\i -1.375:1.75
\p > 
\a addPoint(hiGetCommandPoint())
\i 3:-0.4375
\r t
\r t
\a deletePoint()
\r t
\a deletePoint()
\r t
\a mouseAddPt(t)
\i 0.14375:-0.7
\w *WARNING* No figures found.
\r t
\a mouseAddPt(t)
\i 0.0125:0.09375
\w *WARNING* No figures found.
\r t
\a mouseAddPt(t)
\i 0.0125:0.09375
\w *WARNING* No figures found.
\r t
\a mouseAddPt(t)
\i 0.16875:1.6375
\w *WARNING* No figures found.
\r t
\a mouseAddPt(t)
\i 0.16875:1.6375
\w *WARNING* No figures found.
\r t
\a mouseAddPt(t)
\i 0.1:0.43125
\w *WARNING* No figures found.
\r t
\a schMouseApplyOrFinish()
\i 2.125:0.625
\w *WARNING* No nets found.
\r t
\a schMouseApplyOrFinish()
\i 1.5625:0.3125
\w *WARNING* No figures found.
\r t
\# Memory report: Maximum memory size now 15,739 MB at UTC 2019.09.02 19:06:43.337
\a mouseAddPt(t)
\i 2.80625:-0.73125
\w *WARNING* No figures found.
\r t
\a mouseAddPt(t)
\i 1.0375:0.14375
\w *WARNING* No figures found.
\r t
\a mouseAddPt(t)
\i 1.46875:-0.0125
\w *WARNING* No figures found.
\r t
\a mouseAddPt(t)
\i 1.225:0.64375
\w *WARNING* No nets found.
\r t
\a mouseAddPt(t)
\i 1.225:0.64375
\w *WARNING* No nets found.
\r t
\a mouseAddPt(t)
\i -0.725:1.50625
\w *WARNING* No nets found.
\r t
\a schCmdOption()
\r t
\a schCmdOption()
\r t
\a mouseAddPt(t)
\i -0.825:1.475
\w *WARNING* No nets found.
\r t
\a geSingleSelectBox()
\i -1.25:1.6875
\p > 
\a addPoint(hiGetCommandPoint())
\i 3.0625:-0.0625
\r t
\r t
\a geSingleSelectBox()
\i 2.9375:-0.0625
\p > 
\a addPoint(hiGetCommandPoint())
\i -1.4375:1.75
\r t
\r t
\a _treeNavToggleColumn(dwindow('treeAssistant2) "8" "t")
\r t
\a _treeNavActivateOpc(dwindow('treeAssistant2) "Objects/Instances")
\r t
\a _treeNavToggleColumn(dwindow('treeAssistant2) "8" "nil")
\r t
\a _treeNavDeselect(dwindow('treeAssistant2) "/I1(symbol) Inst")
\r t
\a _treeNavDeselect(dwindow('treeAssistant2) "/I2(symbol) Inst")
\r t
\a _treeNavDeselect(dwindow('treeAssistant2) "/I3(symbol) Inst")
\r t
\a _treeRaiseContextMenu()
\r nil
\a hiPopupDown(_cxtMenu)
\r t
\a _treeRaiseContextMenu()
\r nil
\a hiPopupDown(_cxtMenu)
\r t
\a _treeNavOpcHome(dwindow('treeAssistant2))
\r t
\a _treeNavToggleColumn(dwindow('treeAssistant2) "8" "t")
\r t
\a _treeNavActivateOpc(dwindow('treeAssistant2) "Objects/Nets")
\r t
\a _treeNavToggleColumn(dwindow('treeAssistant2) "8" "nil")
\r t
\a _treeNavOpcHome(dwindow('treeAssistant2))
\r t
\a mouseAddPt(t)
\i -0.39375:1.45
\w *WARNING* No nets found.
\r t
\a _treeNavToggleColumn(dwindow('treeAssistant2) "8" "t")
\r t
\a _treeNavActivateOpc(dwindow('treeAssistant2) "Objects/Instances")
\r t
\a _treeNavToggleColumn(dwindow('treeAssistant2) "8" "nil")
\r t
\a _treeNavSelectionClear(dwindow('treeAssistant2))
\r t
\a _treeNavSelect(dwindow('treeAssistant2) "/I3(symbol) Inst")
\r t
\a _treeNavSelectionClear(dwindow('treeAssistant2))
\r t
\a _treeNavSelect(dwindow('treeAssistant2) "/I1(symbol) Inst")
\r t
\a _treeNavSelectionClear(dwindow('treeAssistant2))
\r t
\a _treeNavSelect(dwindow('treeAssistant2) "/I2(symbol) Inst")
\r t
\a _treeNavSelectionClear(dwindow('treeAssistant2))
\r t
\a _treeNavSelect(dwindow('treeAssistant2) " Inst")
\r t
\a _treeNavOpcHome(dwindow('treeAssistant2))
\r t
\a _treeNavToggleColumn(dwindow('treeAssistant2) "8" "t")
\r t
\a _treeNavActivateOpc(dwindow('treeAssistant2) "Groups/Cells")
\r t
\a _treeNavToggleColumn(dwindow('treeAssistant2) "8" "nil")
\r t
\a _treeNavOpcHome(dwindow('treeAssistant2))
\r t
\a mouseAddPt(t)
\i 0.04375:1.1125
\w *WARNING* No nets found.
\r t
\a mouseAddPt(t)
\i 0.33125:0.98125
\w *WARNING* No nets found.
\r t
\a mouseAddPt(t)
\i 0.3375:0.93125
\w *WARNING* No nets found.
\r t
\a mouseAddPt(t)
\i 0.325:0.93125
\w *WARNING* No nets found.
\r t
\a mouseAddPt(t)
\i 0.325:0.93125
\w *WARNING* No nets found.
\r t
\a mouseAddPt(t)
\i 0.325:0.93125
\w *WARNING* No nets found.
\r t
\a mouseAddPt(t)
\i 0.325:0.93125
\w *WARNING* No nets found.
\r t
\a schCmdOption()
\r t
\a schCmdOption()
\r t
\a schCmdOption()
\r t
\a schHiDelete()
\r t
\a mouseAddPt(t)
\i 0.325:0.95
\r t
\a mouseAddPt(t)
\i 1.60625:0.56875
\r t
\a schHiDelete()
\r t
\a mouseAddPt(t)
\i -2.10625:0.76875
\r t
\a mouseAddPt(t)
\i -1.91875:0.725
\r t
\a mouseAddPt(t)
\i -1.9125:0.7375
\r t
\a schHiObjectProperty()
\r t
\a hiiSetCurrentForm('schObjPropForm)
\r t
\a hiFormCancel(schObjPropForm) 
\r t
\a schCmdOption()
\r t
\a geSingleSelectBox()
\i 0.375:0.8125
\p > 
\a addPoint(hiGetCommandPoint())
\i 0.375:0.625
\r t
\r nil
\a schCmdOption()
\r t
\a schHiDelete()
\r t
\a schHiMove()
\r t
\a hiiSetCurrentForm('schMoveForm)
\r t
\a hiiToggleEnterForm(schMoveForm)
\r t
\a geSingleSelectBox()
\i 0.375:0.8125
\p > 
\a addPoint(hiGetCommandPoint())
\i 0.375:0.5625
\r t
\r nil
\a geSingleSelectBox()
\i 0.375:0.8125
\p > 
\a addPoint(hiGetCommandPoint())
\i 0.375:0.5625
\r t
\r nil
\a schHiStretch()
\r t
\a hiiSetCurrentForm('schStretchForm)
\r t
\a hiiToggleEnterForm(schStretchForm)
\r t
\a geSingleSelectBox()
\i 0.375:0.8125
\p > 
\a addPoint(hiGetCommandPoint())
\i 0.375:0.625
\r t
\r nil
\a _treeNavToggleColumn(dwindow('treeAssistant2) "8" "t")
\r t
\a _treeNavActivateOpc(dwindow('treeAssistant2) "Objects/Nets")
\r t
\a _treeNavToggleColumn(dwindow('treeAssistant2) "8" "nil")
\r t
\a _treeNavOpcHome(dwindow('treeAssistant2))
\r t
\a schHiDelete()
\r t
\a mouseAddPt(t)
\i -0.61875:1.43125
\r t
\a _treeNavExpand(dwindow('treeAssistant2) " Inst")
\r t
\a mouseAddPt(t)
\i 1:1.225
\r t
\a _treeNavExpand(dwindow('treeAssistant2) " Inst")
\r t
\a mouseAddPt(t)
\i 0.19375:1.28125
\r t
\a mouseAddPt(t)
\i 0.15:1.375
\r t
\a mouseAddPt(t)
\i 0.06875:1.225
\r t
\a mouseAddPt(t)
\i 0.325:0.6
\r t
\a mouseAddPt(t)
\i 0.30625:0.56875
\r t
\a mouseAddPt(t)
\i 0.2:0.5625
\r t
\a mouseAddPt(t)
\i 0.5375:0.55625
\r t
\a mouseAddPt(t)
\i 0.5125:0.85
\r t
\a mouseAddPt(t)
\i 0.89375:0.775
\r t
\a _treeNavExpand(dwindow('treeAssistant2) " Inst")
\r t
\a mouseAddPt(t)
\i 2.24375:0.58125
\r t
\a _treeNavExpand(dwindow('treeAssistant2) " Inst")
\r t
\a mouseAddPt(t)
\i 0.33125:0.825
\r t
\a schHiStretch()
\r t
\a hiiToggleEnterForm(schStretchForm)
\r t
\a schHiEditText()
\p > 
\a schHiCreateInst()
\p > 
\a hiResizeWindow(window(5) list(0:34 220:480))
\r t
\a hiiSetCurrentForm('schCreateInstForm)
\r t
\a schCreateInstForm->cellName->value="xor2"
\r "xor2"
\a hiResizeWindow(window(5) list(42:398 262:844))
\r t
\a mouseAddPt(t)
\i -1.00625:1.1125
\r t
\a _treeNavExpand(dwindow('treeAssistant2) " Inst")
\r t
\a mouseAddPt(t)
\i 0.6375:0.9875
\r t
\a _treeNavExpand(dwindow('treeAssistant2) " Inst")
\r t
\a cancelEnterFun()
\r t
\r nil
\a geSingleSelectBox()
\i -1:1.25
\p > 
\a addPoint(hiGetCommandPoint())
\i -1.375:1.25
\r t
\r nil
\a schHiCreateInst()
\p > 
\a hiResizeWindow(window(5) list(42:366 262:844))
\r t
\a schCreateInstForm->cellName->value="nand2"
\r "nand2"
\a mouseAddPt(t)
\i -0.95:0.4
\r t
\a _treeNavExpand(dwindow('treeAssistant2) " Inst")
\r t
\a mouseAddPt(t)
\i 0.61875:1.55625
\r t
\a _treeNavExpand(dwindow('treeAssistant2) " Inst")
\r t
\a mouseAddPt(t)
\i 2.23125:0.2875
\r t
\a _treeNavExpand(dwindow('treeAssistant2) " Inst")
\r t
\a cancelEnterFun()
\r t
\r nil
\a geSingleSelectBox()
\i 0.625:1.6875
\p > 
\a addPoint(hiGetCommandPoint())
\i 0.625:1.6875
\r t
\r nil
\a geSingleSelectBox()
\i -1:1
\p > 
\a addPoint(hiGetCommandPoint())
\i -1:1
\r t
\r nil
\a geSingleSelectBox()
\i -1:1
\p > 
\a addPoint(hiGetCommandPoint())
\i -1:0.5
\r t
\r nil
\a mouseAddPt(t)
\i -0.35:0.45
\r t
\a geSingleSelectBox()
\i -1:1
\p > 
\a addPoint(hiGetCommandPoint())
\i -1:0.5
\r t
\r nil
\a schHiEditText()
\i nil
\r nil
\a geSingleSelectBox()
\i -1:1
\p > 
\a addPoint(hiGetCommandPoint())
\i -1:0.5
\r t
\r nil
\a schHiEditText()
\i nil
\r nil
\a geSingleSelectBox()
\i -1:1
\p > 
\a addPoint(hiGetCommandPoint())
\i -1:0.5
\r t
\r nil
\a geSingleSelectBox()
\i -0.9375:0.4375
\p > 
\a addPoint(hiGetCommandPoint())
\i -1:1
\r t
\r nil
\a schHiCreateWireLabel()
\p > 
\a hiiSetCurrentForm('schCreateWireLabelForm)
\r t
\a hiiToggleEnterForm(schCreateWireLabelForm)
\r t
\a geSingleSelectBox()
\i -1.0625:1
\p > 
\a addPoint(hiGetCommandPoint())
\i -1:1
\r t
\r nil
\a geSingleSelectBox()
\i -1:1
\p > 
\a addPoint(hiGetCommandPoint())
\i -1:0.5
\r t
\r nil
\a geSingleSelectBox()
\i -0.9375:0.5
\p > 
\a addPoint(hiGetCommandPoint())
\i -0.9375:0.625
\r t
\r nil
\a schHiCreateWire(0.0)
\p > 
\a hiiSetCurrentForm('schCreateWireForm)
\r t
\a hiiToggleEnterForm(schCreateWireForm)
\r t
\a geSingleSelectBox()
\i -1:1
\p > 
\a addPoint(hiGetCommandPoint())
\i -1:0.5
\r t
\r nil
\a geSingleSelectBox()
\i -0.9375:0.5
\p > 
\a addPoint(hiGetCommandPoint())
\i -1:1
\r t
\r nil
\a geSingleSelectBox()
\i -1:1
\p > 
\a addPoint(hiGetCommandPoint())
\i -1:0.5
\r t
\r nil
\a schHiCreateWire(0.0)
\p > 
\a schCreateWireForm->width->value=1.0
\r 1.0
\a hiiToggleEnterForm(schCreateWireForm)
\r t
\a geSingleSelectBox()
\w *WARNING* Cancelling function, exceeds nestability limit of 5
\r nil
\a addPoint(hiGetCommandPoint())
\i -1:0.5625
\r t
\a mouseAddPt(t)
\i -0.99375:1.01875
\r t
\a deletePoint()
\r t
\a schHiDelete()
\w *WARNING* Cancelling function, exceeds nestability limit of 5
\r nil
\a mouseAddPt(t)
\i -1.1125:1.26875
\r t
\a mouseAddPt(t)
\i -1.1125:0.80625
\r t
\a cancelEnterFun()
\r t
\r nil
\a schHiDelete()
\p > 
\a mouseAddPt(t)
\i -1.35:1.3
\r t
\a mouseAddPt(t)
\i -0.8625:0.95625
\r t
\a cancelEnterFun()
\r t
\r nil
\a schHiCreateInst()
\p > 
\a hiResizeWindow(window(5) list(42:334 262:844))
\r t
\a hiiSetCurrentForm('schCreateInstForm)
\r t
\a schCreateInstForm->cellName->value="net"
\r "net"
\a hiiToggleEnterForm(schCreateInstForm)
\r t
\a hiResizeWindow(window(5) list(42:318 262:844))
\r t
\a geSingleSelectBox()
\w *WARNING* Cancelling function, exceeds nestability limit of 5
\r nil
\a addPoint(hiGetCommandPoint())
\i -0.9375:0.5
\r t
\a geSingleSelectBox()
\w *WARNING* Cancelling function, exceeds nestability limit of 5
\r nil
\a addPoint(hiGetCommandPoint())
\i -0.9375:1.0625
\r t
\a mouseAddPt(t)
\i -1.46875:0.6125
\r t
\a mouseAddPt(t)
\i -1.0625:0.7375
\r t
\a geSingleSelectBox()
\w *WARNING* Cancelling function, exceeds nestability limit of 5
\r nil
\a addPoint(hiGetCommandPoint())
\i -0.9375:0.5
\r t
\a geSingleSelectBox()
\w *WARNING* Cancelling function, exceeds nestability limit of 5
\r nil
\a addPoint(hiGetCommandPoint())
\i -1.0625:0.9375
\r t
\a cancelEnterFun()
\r t
\r nil
\a cancelEnterFun()
\r t
\r nil
\a cancelEnterFun()
\r t
\r nil
\a geSingleSelectBox()
\i -0.1875:1.75
\p > 
\a addPoint(hiGetCommandPoint())
\i -0.125:1.5
\r t
\r nil
\a geSingleSelectBox()
\i 1.875:1
\p > 
\a addPoint(hiGetCommandPoint())
\i 1.875:0.4375
\r t
\r nil
\a schHiCreateWire(0.0)
\p > 
\a hiiSetCurrentForm('schCreateWireForm)
\r t
\a schCreateWireForm->width->value=1.0
\r 1.0
\a schCreateWireForm->drawModeRoute->value= list(ptrnum@0x1ed4dbf0 36 20 'anyAngle)
\r (ptrnum@0x1ed4dbf0 36 20 anyAngle)
\a schCreateWireForm->drawModeRoute->value= list(ptrnum@0x1ed4dbf0 36 20 'anyAngle)
\r (ptrnum@0x1ed4dbf0 36 20 anyAngle)
\a mouseAddPt(t)
\i -1.19375:-0.58125
\r t
\a mouseAddPt(t)
\i -1.15:-0.475
\r t
\a cancelEnterFun()
\r t
\r nil
\a _schHiSaveAs()
\p > 
\a hiiSetCurrentForm('_schHiSaveAsForm)
\r t
\a hiFormDone(_schHiSaveAsForm)
\r t
\r Getting schematic propert bagGetting schematic propert bagt
\a hiZoomRelativeScale(getCurrentWindow() 1.25)
\r t
\a hiZoomRelativeScale(getCurrentWindow() 1.25)
\r t
\a hiZoomRelativeScale(getCurrentWindow() 1.25)
\r t
\a hiZoomRelativeScale(getCurrentWindow() 0.8)
\r t
\a hiZoomRelativeScale(getCurrentWindow() 0.8)
\r t
\a hiZoomRelativeScale(getCurrentWindow() 0.8)
\r t
\a hiZoomRelativeScale(getCurrentWindow() 0.8)
\r t
\a schHiCreatePin()
\p > 
\a hiiSetCurrentForm('schCreatePinForm)
\r t
\a schCreatePinForm->terminalName->value="A B C"
\r "A B C"
\a hiiToggleEnterForm(schCreatePinForm)
\r t
\a mouseAddPt(t)
\i -1.6125:1.23125
\r t
\a _treeNavExpand(dwindow('treeAssistant2) " Inst")
\r t
\a mouseAddPt(t)
\i -1.6375:0.975
\r t
\a _treeNavExpand(dwindow('treeAssistant2) " Inst")
\r t
\a mouseAddPt(t)
\i 0.6125:0.8625
\r t
\a _treeNavExpand(dwindow('treeAssistant2) " Inst")
\r t
\a schHiCreatePin()
\p > 
\a schCreatePinForm->terminalName->value="SUM CARRY"
\r "SUM CARRY"
\a schCreatePinForm->direction->value="output"
\r "output"
\a mouseAddPt(t)
\i 1.8875:0.99375
\r t
\a _treeNavExpand(dwindow('treeAssistant2) " Inst")
\r t
\a mouseAddPt(t)
\i 3.46875:0.31875
\r t
\a _treeNavExpand(dwindow('treeAssistant2) " Inst")
\r t
\a hiiToggleEnterForm(schCreatePinForm) 
\r t
\a _schHiSaveAs()
\p > 
\a hiiSetCurrentForm('_schHiSaveAsForm)
\r t
\a hiFormDone(_schHiSaveAsForm)
\r t
\r Getting schematic propert bagGetting schematic propert bagt
\a schHiMove()
\p > 
\a hiiSetCurrentForm('schMoveForm)
\r t
\a schMoveForm->snapMode->value="anyAngle"
\r "anyAngle"
\a hiiToggleEnterForm(schMoveForm)
\r t
\a geSingleSelectBox()
\w *WARNING* Cancelling function, exceeds nestability limit of 5
\r nil
\a addPoint(hiGetCommandPoint())
\i -1.5:1.3125
\r t
\a mouseAddPt(t)
\i -1.68125:1.2625
\r t
\a geSingleSelectBox()
\w *WARNING* Cancelling function, exceeds nestability limit of 5
\r nil
\a addPoint(hiGetCommandPoint())
\i -1.5625:1.375
\r t
\a mouseAddPt(t)
\i -1.63125:1.39375
\r t
\a geSingleSelectBox()
\w *WARNING* Cancelling function, exceeds nestability limit of 5
\r nil
\a addPoint(hiGetCommandPoint())
\i -1.75:1.25
\r t
\a cancelEnterFun()
\r t
\r nil
\a schHiCopy()
\p > 
\a hiiSetCurrentForm('schCopyForm)
\r t
\a hiiToggleEnterForm(schCopyForm)
\r t
\a mouseAddPt(t)
\i -1.6625:1.225
\r t
\a mouseAddPt(t)
\i -1.54375:1.58125
\r t
\a _treeNavExpand(dwindow('treeAssistant2) " Inst")
\r t
\a mouseAddPt(t)
\i -1.175:1.65
\r t
\a mouseAddPt(t)
\i -1.55:1.54375
\r t
\a cancelEnterFun()
\r t
\r nil
\a mouseAddPt(t)
\i -1.55:1.58125
\r t
\a mouseAddPt(t)
\i -1.55:1.58125
\r t
\a schHiDelete()
\p > 
\a mouseAddPt(t)
\i -1.59375:1.64375
\r t
\a _treeNavExpand(dwindow('treeAssistant2) " Inst")
\r t
\a cancelEnterFun()
\r t
\r nil
\a _schHiSaveAs()
\p > 
\a hiiSetCurrentForm('_schHiSaveAsForm)
\r t
\a hiFormDone(_schHiSaveAsForm)
\r t
\r Getting schematic propert bagGetting schematic propert bagt
\a hiUndo()
\r nil
\a cancelEnterFun()
\r t
\r nil
\a cancelEnterFun()
\r t
\r nil
\a cancelEnterFun()
\r t
\r nil
\a cancelEnterFun()
\r t
\r nil
\a showClickInfo()
\i -1.375:1.6875
\r window:3
\a showClickInfo()
\i -1.4375:1.4375
\r window:3
\a showClickInfo()
\i -1.1875:1.625
\r window:3
\a schHiCreateWire(0.0)
\p > 
\a hiiSetCurrentForm('schCreateWireForm)
\r t
\a mouseAddPt(t)
\i -1.65:1.25
\r t
\a mouseAddPt(t)
\i -1.01875:1.26875
\r t
\a geSingleSelectBox()
\i -1.6875:1
\p > 
\a addPoint(hiGetCommandPoint())
\i -1:1
\r t
\r nil
\a mouseAddPt(t)
\i -1.725:1.01875
\r t
\a mouseAddPt(t)
\i -1.675:1.01875
\r t
\a mouseAddPt(t)
\i -1.725:1.0125
\r t
\a mouseAddPt(t)
\i -1.68125:1.01875
\r t
\a mouseAddPt(t)
\i -1.63125:0.99375
\r t
\a mouseAddPt(t)
\i -1.71875:1.0375
\r t
\a mouseAddPt(t)
\i -1.69375:0.96875
\r t
\a mouseAddPt(t)
\i -1.65:0.96875
\r t
\a geSingleSelectBox()
\i -1.625:1
\p > 
\a addPoint(hiGetCommandPoint())
\i -1:1
\r t
\r nil
\a mouseAddPt(t)
\i -0.98125:0.99375
\r t
\a geSingleSelectBox()
\i 0.25:1.125
\p > 
\a addPoint(hiGetCommandPoint())
\i 0.625:1.125
\r t
\r nil
\a mouseAddPt(t)
\i 0.275:1.1375
\r t
\a geSingleSelectBox()
\i 0.25:1.125
\p > 
\a addPoint(hiGetCommandPoint())
\i 0.625:1.125
\r t
\r nil
\a mouseAddPt(t)
\i 0.6125:1.1375
\r t
\a geSingleSelectBox()
\i 0.25:1.125
\p > 
\a addPoint(hiGetCommandPoint())
\i 0.25:0.5625
\r t
\r nil
\a mouseAddPt(t)
\i 0.26875:0.55
\r t
\a mouseAddPt(t)
\i 0.26875:1.0625
\r t
\a mouseAddPt(t)
\i 0.26875:1.11875
\r t
\a mouseAddPt(t)
\i 0.2375:0.825
\r t
\a mouseAddPt(t)
\i 0.2375:0.80625
\r t
\a geSingleSelectBox()
\i 0.25:1.1875
\p > 
\a addPoint(hiGetCommandPoint())
\i 0.25:1.4375
\r t
\r nil
\a geSingleSelectBox()
\i 0.25:1.4375
\p > 
\a addPoint(hiGetCommandPoint())
\i 0.25:1.125
\r t
\r nil
\a mouseAddPt(t)
\i 0.26875:1.14375
\r t
\a mouseAddPt(t)
\i 0.59375:1.43125
\r t
\a geSingleSelectBox()
\i 0.5625:1.75
\p > 
\a addPoint(hiGetCommandPoint())
\i 0.5625:1.5
\r t
\r nil
\a geSingleSelectBox()
\i 0.625:1.6875
\p > 
\a addPoint(hiGetCommandPoint())
\i 0.625:1.4375
\r t
\r nil
\a geSingleSelectBox()
\i 0.625:1.4375
\p > 
\a addPoint(hiGetCommandPoint())
\i 0.625:1.6875
\r t
\r nil
\a mouseAddPt(t)
\i 0.65625:1.70625
\r t
\a geSingleSelectBox()
\i 0.625:1.6875
\p > 
\a addPoint(hiGetCommandPoint())
\i 0.625:1.4375
\r t
\r nil
\a mouseAddPt(t)
\i 0.6375:1.45625
\r t
\a mouseAddPt(t)
\i 0.16875:1.775
\r t
\a mouseAddPt(t)
\i 0.15625:1.75
\r t
\a schHiDelete()
\p > 
\a mouseAddPt(t)
\i 0.25:0.80625
\r t
\a mouseAddPt(t)
\i 0.66875:1.58125
\r t
\a mouseAddPt(t)
\i 0.5125:1.3125
\r t
\a cancelEnterFun()
\r t
\r nil
\a mouseAddPt(t)
\i 0.50625:0.89375
\r t
\a mouseAddPt(t)
\i 0.54375:0.8875
\r t
\a _schHiSaveAs()
\p > 
\a hiiSetCurrentForm('_schHiSaveAsForm)
\r t
\a hiFormDone(_schHiSaveAsForm)
\r t
\r Getting schematic propert bagGetting schematic propert bagt
\a hiiSetCurrentForm('schCreateWireForm)
\r t
\a hiiToggleEnterForm(schCreateWireForm) 
\r t
\a schHiMove()
\p > 
\a mouseAddPt(t)
\i 0.525:0.86875
\r t
\a mouseAddPt(t)
\i 0.55625:0.8625
\r t
\a mouseAddPt(t)
\i 0.525:0.86875
\r t
\a geSingleSelectBox()
\i 0.5:0.875
\p > 
\a addPoint(hiGetCommandPoint())
\i -1.4375:0.75
\r t
\r nil
\a mouseAddPt(t)
\i 0.50625:0.8625
\r t
\a mouseAddPt(t)
\i -1.675:0.7
\r t
\a schHiCreateWire(0.0)
\p > 
\a mouseAddPt(t)
\i -1.61875:0.65625
\r t
\a geSingleSelectBox()
\i -1.625:0.6875
\p > 
\a addPoint(hiGetCommandPoint())
\i 0.625:0.6875
\r t
\r nil
\a mouseAddPt(t)
\i 0.6125:0.68125
\r t
\a mouseAddPt(t)
\i 0.6375:0.80625
\r t
\a mouseAddPt(t)
\i 0.61875:0.86875
\r t
\a geSingleSelectBox()
\i 0.625:1.125
\p > 
\a addPoint(hiGetCommandPoint())
\i 0.625:1.4375
\r t
\r nil
\a mouseAddPt(t)
\i 0.61875:1.1375
\r t
\a mouseAddPt(t)
\i 0.6125:1.1375
\r t
\a mouseAddPt(t)
\i 0.63125:1.11875
\r t
\a mouseAddPt(t)
\i 0.63125:1.11875
\r t
\a mouseAddPt(t)
\i 0.63125:1.11875
\r t
\a mouseAddPt(t)
\i 0.63125:1.11875
\r t
\a geSingleSelectBox()
\i 0.625:1.125
\p > 
\a addPoint(hiGetCommandPoint())
\i 0.625:1.4375
\r t
\r nil
\a geSingleSelectBox()
\i 0.625:1.4375
\p > 
\a addPoint(hiGetCommandPoint())
\i 0.625:1.125
\r t
\r nil
\a mouseAddPt(t)
\i 0.55625:0.86875
\r t
\a mouseAddPt(t)
\i 0.60625:0.875
\r t
\a schHiDelete()
\p > 
\a mouseAddPt(t)
\i 0.56875:0.8625
\r t
\a mouseAddPt(t)
\i 0.56875:0.875
\r t
\a mouseAddPt(t)
\i 0.5875:0.90625
\r t
\a mouseAddPt(t)
\i 0.5875:0.90625
\r t
\a mouseAddPt(t)
\i 0.575:0.875
\r t
\a mouseAddPt(t)
\i 0.575:0.875
\r t
\a mouseAddPt(t)
\i 0.575:0.875
\r t
\a mouseAddPt(t)
\i 0.575:0.875
\r t
\a schMouseApplyOrFinish()
\i 0.5625:0.875
\r t
\a mouseAddPt(t)
\i 0.5875:0.85
\r t
\a mouseAddPt(t)
\i 0.55625:0.85
\r t
\a mouseAddPt(t)
\i 0.575:0.86875
\r t
\a mouseAddPt(t)
\i 0.55:0.8625
\r t
\a mouseAddPt(t)
\i 0.575:0.875
\r t
\a schHiCreateWire(0.0)
\p > 
\a geSingleSelectBox()
\w *WARNING* Cancelling function, exceeds nestability limit of 5
\r nil
\a addPoint(hiGetCommandPoint())
\i 0.625:1.4375
\r t
\a geSingleSelectBox()
\w *WARNING* Cancelling function, exceeds nestability limit of 5
\r nil
\a addPoint(hiGetCommandPoint())
\i 0.625:1.125
\r t
\a geSingleSelectBox()
\w *WARNING* Cancelling function, exceeds nestability limit of 5
\r nil
\a addPoint(hiGetCommandPoint())
\i 0.625:1.5
\r t
\a mouseAddPt(t)
\i 0.63125:1.4375
\r t
\a geSingleSelectBox()
\w *WARNING* Cancelling function, exceeds nestability limit of 5
\r nil
\a addPoint(hiGetCommandPoint())
\i 0.625:1.6875
\r t
\a geSingleSelectBox()
\w *WARNING* Cancelling function, exceeds nestability limit of 5
\r nil
\a addPoint(hiGetCommandPoint())
\i 0.625:1.4375
\r t
\a _schHiSaveAs()
\p > 
\a hiiSetCurrentForm('_schHiSaveAsForm)
\r t
\a hiFormDone(_schHiSaveAsForm)
\r t
\r Getting schematic propert bagGetting schematic propert bagt
\a mouseAddPt(t)
\i 1.9:0.9875
\r t
\a mouseAddPt(t)
\i 1.8875:1.0125
\r t
\a cancelEnterFun()
\r t
\r nil
\a schHiMove()
\p > 
\a mouseAddPt(t)
\i 1.9375:1.0125
\r t
\a schMouseApplyOrFinish()
\i 1.9375:1
\r t
\a mouseAddPt(t)
\i 1.9625:1.0125
\r t
\a mouseAddPt(t)
\i 2.025:1.01875
\r t
\a mouseAddPt(t)
\i 3.93125:1
\r t
\a mouseAddPt(t)
\i 3.5875:0.3
\r t
\a mouseAddPt(t)
\i 3.6125:0.29375
\r t
\a geSingleSelectBox()
\w *WARNING* Cancelling function, exceeds nestability limit of 5
\r nil
\a addPoint(hiGetCommandPoint())
\i 4:0.3125
\r t
\a schHiCreateWire(0.0)
\w *WARNING* Cancelling function, exceeds nestability limit of 5
\r nil
\a geSingleSelectBox()
\w *WARNING* Cancelling function, exceeds nestability limit of 5
\r nil
\a addPoint(hiGetCommandPoint())
\i 2.625:0.9375
\r t
\a geSingleSelectBox()
\w *WARNING* Cancelling function, exceeds nestability limit of 5
\r nil
\a addPoint(hiGetCommandPoint())
\i 3:0.9375
\r t
\a mouseAddPt(t)
\i 3.85:1.03125
\r t
\a cancelEnterFun()
\r t
\r nil
\a schHiCreateWire(0.0)
\p > 
\a geSingleSelectBox()
\w *WARNING* Cancelling function, exceeds nestability limit of 5
\r nil
\a addPoint(hiGetCommandPoint())
\i 3.875:1
\r t
\a geSingleSelectBox()
\w *WARNING* Cancelling function, exceeds nestability limit of 5
\r nil
\a addPoint(hiGetCommandPoint())
\i 1.875:1
\r t
\a mouseAddPt(t)
\i 3.9125:0.29375
\r t
\a geSingleSelectBox()
\w *WARNING* Cancelling function, exceeds nestability limit of 5
\r nil
\a addPoint(hiGetCommandPoint())
\i 3.5:0.3125
\r t
\a geSingleSelectBox()
\w *WARNING* Cancelling function, exceeds nestability limit of 5
\r nil
\a addPoint(hiGetCommandPoint())
\i 0.375:0.1875
\r t
\a mouseAddPt(t)
\i 0.35625:0.19375
\r t
\a geSingleSelectBox()
\w *WARNING* Cancelling function, exceeds nestability limit of 5
\r nil
\a addPoint(hiGetCommandPoint())
\i 0.3125:0.1875
\r t
\a geSingleSelectBox()
\w *WARNING* Cancelling function, exceeds nestability limit of 5
\r nil
\a addPoint(hiGetCommandPoint())
\i 0.3125:0.375
\r t
\a geSingleSelectBox()
\w *WARNING* Cancelling function, exceeds nestability limit of 5
\r nil
\a addPoint(hiGetCommandPoint())
\i 2.1875:0.125
\r t
\a geSingleSelectBox()
\w *WARNING* Cancelling function, exceeds nestability limit of 5
\r nil
\a addPoint(hiGetCommandPoint())
\i 1.5:0.1875
\r t
\a mouseAddPt(t)
\i 1.43125:0.175
\r t
\a mouseAddPt(t)
\i 2.125:-1.69375
\r t
\a cancelEnterFun()
\r t
\r nil
\a schHiCreateWire(0.0)
\p > 
\a geSingleSelectBox()
\w *WARNING* Cancelling function, exceeds nestability limit of 5
\r nil
\a addPoint(hiGetCommandPoint())
\i 2.25:0.1875
\r t
\a geSingleSelectBox()
\w *WARNING* Cancelling function, exceeds nestability limit of 5
\r nil
\a addPoint(hiGetCommandPoint())
\i 0.3125:0.1875
\r t
\a _schHiSaveAs()
\p > 
\a hiiSetCurrentForm('_schHiSaveAsForm)
\r t
\a hiFormDone(_schHiSaveAsForm)
\r t
\r Getting schematic propert bagGetting schematic propert bagt
\a schHiCreateWire(0.0)
\w *WARNING* Cancelling function, exceeds nestability limit of 5
\r nil
\a mouseAddPt(t)
\i 1.8125:1.575
\r t
\a geSingleSelectBox()
\w *WARNING* Cancelling function, exceeds nestability limit of 5
\r nil
\a addPoint(hiGetCommandPoint())
\i 2.25:1.5625
\r t
\a mouseAddPt(t)
\i 2.25625:0.425
\r t
\a mouseAddPt(t)
\i 2.5625:-0.73125
\r t
\a cancelEnterFun()
\r t
\r nil
\a _schHiSaveAs()
\p > 
\a hiiSetCurrentForm('_schHiSaveAsForm)
\r t
\a hiFormDone(_schHiSaveAsForm)
\r t
\r Getting schematic propert bagGetting schematic propert bagt
\a hiiSetCurrentForm('schCreateWireForm)
\r t
\a _schHiSaveAs()
\p > 
\a hiiSetCurrentForm('_schHiSaveAsForm)
\r t
\a hiFormDone(_schHiSaveAsForm)
\r t
\r Getting schematic propert bagGetting schematic propert bagt
\a hiiSetCurrentForm('schCreateWireForm)
\r t
\a hiiToggleEnterForm(schCreateWireForm) 
\r nil
\a hiiToggleEnterForm(schCreateWireForm)
\r nil
\a hiiToggleEnterForm(schCreateWireForm)
\r nil
\a hiiToggleEnterForm(schCreateWireForm)
\r nil
\a hiiToggleEnterForm(schCreateWireForm)
\r nil
\a hiiToggleEnterForm(schCreateWireForm)
\r nil
\a hiiToggleEnterForm(schCreateWireForm)
\r nil
\a hiiToggleEnterForm(schCreateWireForm)
\r nil
\a hiiToggleEnterForm(schCreateWireForm)
\r nil
\a hiiToggleEnterForm(schCreateWireForm)
\r nil
\a hiiToggleEnterForm(schCreateWireForm)
\r nil
\a hiiToggleEnterForm(schCreateWireForm)
\r nil
\a hiiToggleEnterForm(schCreateWireForm)
\r nil
\a hiiToggleEnterForm(schCreateWireForm)
\r nil
\a hiiToggleEnterForm(schCreateWireForm)
\r nil
\a hiiToggleEnterForm(schCreateWireForm) 
\r nil
\a hiiToggleEnterForm(schCreateWireForm)
\r nil
\a hiiToggleEnterForm(schCreateWireForm)
\r nil
\a hiiToggleEnterForm(schCreateWireForm)
\r nil
\a hiiToggleEnterForm(schMoveForm) 
\r nil
\a hiiToggleEnterForm(schCreateWireForm) 
\r nil
\a schHiCheckAndSave()
\o INFO (SCH-1170): Extracting "fulladder schematic"
\o Warning: Pin "A" on instance "I6": floating input.
\o Warning: Pin "B" on instance "I6": floating input.
\o Warning: Floating net "C" at (0.5625, 0.8750).
\o Warning: Floating net "net15" at (1.8125, 1.5625).
\o INFO (SCH-1172): There were 0 errors and 4 warnings found in "Design fulladder schematic".
\# Displaying modal dbox "_schCheckDBox", title "Schematic Check"
\p > 
\a _treeNavExpand(dwindow('treeAssistant2) " Inst")
\r t
\a hiDBoxOK(_schCheckDBox)
\r t
\o Getting schematic propert bagGetting schematic propert bagINFO (SCH-1181): "Design fulladder schematic" saved.
\r t
\a schHiCheckAndSave()
\o INFO (SCH-1170): Extracting "fulladder schematic"
\o Warning: Pin "A" on instance "I6": floating input.
\o Warning: Pin "B" on instance "I6": floating input.
\o Warning: Floating net "C" at (0.5625, 0.8750).
\o Warning: Floating net "net15" at (1.8125, 1.5625).
\o INFO (SCH-1172): There were 0 errors and 4 warnings found in "Design fulladder schematic".
\# Displaying modal dbox "_schCheckDBox", title "Schematic Check"
\p > 
\a _treeNavExpand(dwindow('treeAssistant2) " Inst")
\r t
\a hiDBoxOK(_schCheckDBox)
\r t
\o Getting schematic propert bagGetting schematic propert bagINFO (SCH-1181): "Design fulladder schematic" saved.
\r t
\i clear
\o Loading skillDev.cxt 
\t t
\p > 
\a schHiCheckAndSave()
\o INFO (SCH-1170): Extracting "fulladder schematic"
\o Warning: Pin "A" on instance "I6": floating input.
\o Warning: Pin "B" on instance "I6": floating input.
\o Warning: Floating net "C" at (0.5625, 0.8750).
\o Warning: Floating net "net15" at (1.8125, 1.5625).
\o INFO (SCH-1172): There were 0 errors and 4 warnings found in "Design fulladder schematic".
\# Displaying modal dbox "_schCheckDBox", title "Schematic Check"
\p > 
\a _treeNavExpand(dwindow('treeAssistant2) " Inst")
\r t
\a hiDBoxOK(_schCheckDBox)
\r t
\o Getting schematic propert bagGetting schematic propert bagINFO (SCH-1181): "Design fulladder schematic" saved.
\r t
\a mouseAddPt(t)
\i -1.65625:1.3125
\r t
\a _treeNavExpand(dwindow('treeAssistant2) " Inst")
\r t
\a hiUndo()
\r t
\a _treeNavExpand(dwindow('treeAssistant2) " Inst")
\r t
\a cancelEnterFun()
\r t
\r nil
\a _schHiSaveAs()
\p > 
\a hiiSetCurrentForm('_schHiSaveAsForm)
\r t
\a hiFormDone(_schHiSaveAsForm)
\r t
\r Getting schematic propert bagGetting schematic propert bagt
\a hiResizeWindow(window(1) list(146:294 941:487))
\r t
\a _treeNavToggleColumn(dwindow('treeAssistant2) "8" "t")
\r t
\a _treeNavActivateOpc(dwindow('treeAssistant2) "Objects/Nets")
\r t
\a _treeNavToggleColumn(dwindow('treeAssistant2) "8" "nil")
\r t
\a _treeNavSelectionClear(dwindow('treeAssistant2))
\r t
\a _treeNavSelect(dwindow('treeAssistant2) "/SUM Net")
\r t
\a _treeNavSelectionClear(dwindow('treeAssistant2))
\r t
\a _treeNavSelect(dwindow('treeAssistant2) "/net18 Net")
\r t
\a _treeNavSelectionClear(dwindow('treeAssistant2))
\r t
\a _treeNavSelect(dwindow('treeAssistant2) "/net17 Net")
\r t
\a _treeNavSelectionClear(dwindow('treeAssistant2))
\r t
\a _treeNavSelect(dwindow('treeAssistant2) "/net16 Net")
\r t
\a _treeNavSelectionClear(dwindow('treeAssistant2))
\r t
\a _treeNavSelect(dwindow('treeAssistant2) "/net15 Net")
\r t
\a _treeNavSelectionClear(dwindow('treeAssistant2))
\r t
\a _treeNavSelect(dwindow('treeAssistant2) "/net14 Net")
\r t
\a _treeNavSelectionClear(dwindow('treeAssistant2))
\r t
\a _treeNavSelect(dwindow('treeAssistant2) "/CARRY Net")
\r t
\a _treeNavSelectionClear(dwindow('treeAssistant2))
\r t
\a _treeNavSelect(dwindow('treeAssistant2) "/C Net")
\r t
\a _treeNavSelectionClear(dwindow('treeAssistant2))
\r t
\a _treeNavSelect(dwindow('treeAssistant2) "/B Net")
\r t
\a _treeNavSelectionClear(dwindow('treeAssistant2))
\r t
\a _treeNavSelect(dwindow('treeAssistant2) "/A Net")
\r t
\a _treeNavSelectionClear(dwindow('treeAssistant2))
\r t
\a _treeNavSelect(dwindow('treeAssistant2) "/B Net")
\r t
\a _treeNavSelectionClear(dwindow('treeAssistant2))
\r t
\a _treeNavSelect(dwindow('treeAssistant2) "/A Net")
\r t
\a _treeNavSelectionClear(dwindow('treeAssistant2))
\r t
\a _treeNavSelect(dwindow('treeAssistant2) "/B Net")
\r t
\a _treeNavSelectionClear(dwindow('treeAssistant2))
\r t
\a _treeNavSelect(dwindow('treeAssistant2) "/A Net")
\r t
\a _treeNavOpcHome(dwindow('treeAssistant2))
\r t
\a _treeNavToggleColumn(dwindow('treeAssistant2) "8" "t")
\r t
\a _treeNavActivateOpc(dwindow('treeAssistant2) "Objects/Pins")
\r t
\a _treeNavToggleColumn(dwindow('treeAssistant2) "8" "nil")
\r t
\a _treeNavSelectionClear(dwindow('treeAssistant2))
\r t
\a _treeNavSelect(dwindow('treeAssistant2) "/A:P__0 Pin")
\r t
\a _treeNavSelectionClear(dwindow('treeAssistant2))
\r t
\a _treeNavSelect(dwindow('treeAssistant2) "/B:P__1 Pin")
\r t
\a _treeNavSelectionClear(dwindow('treeAssistant2))
\r t
\a _treeNavSelect(dwindow('treeAssistant2) "/C:P__2 Pin")
\r t
\a _treeNavSelectionClear(dwindow('treeAssistant2))
\r t
\a _treeNavSelect(dwindow('treeAssistant2) "/CARRY:P__4 Pin")
\r t
\a _treeNavSelectionClear(dwindow('treeAssistant2))
\r t
\a _treeNavSelect(dwindow('treeAssistant2) "/SUM:P__3 Pin")
\r t
\a _treeNavOpcHome(dwindow('treeAssistant2))
\r t
\a _treeNavToggleColumn(dwindow('treeAssistant2) "8" "t")
\r t
\a _treeNavActivateOpc(dwindow('treeAssistant2) "Objects/Nets")
\r t
\a _treeNavToggleColumn(dwindow('treeAssistant2) "8" "nil")
\r t
\a _treeNavSelectionClear(dwindow('treeAssistant2))
\r t
\a _treeNavSelect(dwindow('treeAssistant2) "/C Net")
\r t
\a _treeNavSelectionClear(dwindow('treeAssistant2))
\r t
\a _treeNavSelect(dwindow('treeAssistant2) "/B Net")
\r t
\a _treeNavSelectionClear(dwindow('treeAssistant2))
\r t
\a _treeNavSelect(dwindow('treeAssistant2) "/A Net")
\r t
\a _treeNavSelectionClear(dwindow('treeAssistant2))
\r t
\a _treeNavSelect(dwindow('treeAssistant2) "/B Net")
\r t
\a _treeNavSelectionClear(dwindow('treeAssistant2))
\r t
\a _treeNavSelect(dwindow('treeAssistant2) "/C Net")
\r t
\a mouseAddPt(t)
\i 2.5875:-1.25625
\r t
\a mouseAddPt(t)
\i 2.55:-1.26875
\r t
\a schHiCheckAndSave()
\o INFO (SCH-1170): Extracting "fulladder schematic"
\o Warning: Pin "A" on instance "I6": floating input.
\o Warning: Pin "B" on instance "I6": floating input.
\o Warning: Floating net "C" at (0.5625, 0.8750).
\o Warning: Floating net "net15" at (1.8125, 1.5625).
\o INFO (SCH-1172): There were 0 errors and 4 warnings found in "Design fulladder schematic".
\# Displaying modal dbox "_schCheckDBox", title "Schematic Check"
\p > 
\a hiDBoxOK(_schCheckDBox)
\r t
\o Getting schematic propert bagGetting schematic propert bagINFO (SCH-1181): "Design fulladder schematic" saved.
\r t
\a mouseAddPt(t)
\i 1.2:-0.775
\r t
\a _schHiSaveAs()
\p > 
\a hiiSetCurrentForm('_schHiSaveAsForm)
\r t
\a hiFormDone(_schHiSaveAsForm)
\r t
\r Getting schematic propert bagGetting schematic propert bagt
\a mouseAddPt(t)
\i 1.1375:-0.68125
\r t
\a mouseAddPt(t)
\i 1.1375:-0.6875
\r t
\a hiZoomOutAtMouse()
\i 1.5:-0.75
\r t
\a hiZoomInAtMouse()
\i 1.4375:-0.8125
\r t
\a schHiViewToView()
\p > 
\a schViewToViewForm->fromViewName->value="schematic"
\r "schematic"
\a hiiSetCurrentForm('schViewToViewForm)
\r t
\a hiFormDone(schViewToViewForm)
\p > 
\a hiiSetCurrentForm('schSgForm)
\r t
\a hiFormDone(schSgForm)
\o Symbol (fulladder symbol) generated and saved in library:Design.
\a _treeNavToggleColumn(dwindow('treeAssistant3) "8" "t")
\r t
\a _treeNavActivateOpc(dwindow('treeAssistant3) "Objects/Nets")
\r t
\a _treeNavToggleColumn(dwindow('treeAssistant3) "8" "nil")
\r t
\r t
\a _treeNavToggleColumn(dwindow('treeAssistant3) "8" "t")
\r t
\a _treeNavToggleColumn(dwindow('treeAssistant3) "8" "nil")
\r t
\o INFO (SCH-1061): Completed generating design in library "Design" as "fulladder" "symbol".
\o Adding CDF information ...
\o     Adding base cell CDF parameter information ...
\o     Adding base cell CDF simulation information ...
\o     Adding base lib CDF label display information ...
\r t
\r t
\a when(dwindow('oiAssistant3) hiMapWindow(dwindow('oiAssistant3)))
\r t
\a when(dwindow('treeAssistant3) hiMapWindow(dwindow('treeAssistant3)))
\r t
\a mouseSingleSelectPt()
\i 0.875:-0.125
\r t
\a schZoomFit(1.0 0.9)
\r t
\a hiUndo()
\r t
\a schHiDelete()
\r t
\a _schHiSaveAs()
\p > 
\a hiiSetCurrentForm('_schHiSaveAsForm)
\r t
\a hiFormDone(_schHiSaveAsForm)
\r t
\r t
\a hiResizeWindow(swindow(3) list(0:34 2560:1375))
\r t
\a schHiDefaultAction()
\i 0.875:0
\r nil
\a schHiDefaultAction()
\i 0.875:-0.0625
\r nil
\a _treeNavSelectionClear(dwindow('treeAssistant3))
\r t
\a _treeNavSelect(dwindow('treeAssistant3) "/A Net")
\r t
\a hiResizeWindow(swindow(3) list(130:187 1030:887))
\r t
\a hiiSetCurrentForm('schMoveForm)
\r t
\a hiSetCurrentWindow(window(3))
\r t
\a mouseAddPt(t)
\i -0.9375:0.49375
\r t
\a cancelEnterFun()
\r t
\r nil
\a mouseAddPt(t)
\i -0.98125:0.975
\r t
\a mouseAddPt(t)
\i -0.39375:-1.4375
\r t
\a hiCloseWindow(swindow(2))
\# Displaying modal dbox "geDBox", title "Save Changes"
\p > 
\a hiDBoxCancel(geDBox)
\r Getting schematic propert bagt
\r t
\r nil
\r nil
\a _hiSetCurrentWinNum(6)
\r t
\i exit
\# Memory report: Maximum memory size now 16,181 MB at UTC 2019.09.02 19:57:23.429
\o 
\# Memory report: on exit            540 MB, process size 1,817 MB at UTC 2019.09.02 19:57:24.497
\# Memory report: peak usage         540 MB, process size 1,831 MB
